# JRE version: OpenJDK Runtime Environment Corretto-21.0.10.7.1 (21.0.10+7) (build 21.0.10+7-LTS)
# Java VM: OpenJDK 64-Bit Server VM Corretto-21.0.10.7.1 (21.0.10+7-LTS, mixed mode, emulated-client, sharing, tiered, compressed oops, compressed class ptrs, g1 gc, windows-amd64)
GC Precious Log:
 CardTable entry size: 512
 Card Set container configuration: InlinePtr #cards 5 size 8 Array Of Cards #cards 12 size 40 Howl #buckets 4 coarsen threshold 1843 Howl Bitmap #cards 512 size 80 coarsen threshold 460 Card regions per heap region 1 cards per card region 2048
 CPUs: 12 total, 12 available
 Memory: 7863M
 Large Page Support: Disabled
 NUMA Support: Disabled
 Compressed Oops: Enabled (32-bit)
 Heap Region Size: 1M
 Heap Min Capacity: 8M
 Heap Initial Capacity: 124M
 Heap Max Capacity: 1966M
 Pre-touch: Disabled
 Parallel Workers: 10
 Concurrent Workers: 3
 Concurrent Refinement Workers: 10
 Periodic GC: Disabled
Heap:
 garbage-first heap   total 82944K, used 63359K [0x0000000085200000, 0x0000000100000000)
  region size 1024K, 38 young (38912K), 6 survivors (6144K)
 Metaspace       used 54063K, committed 54656K, reserved 1114112K
  class space    used 7615K, committed 7936K, reserved 1048576K
GC Heap History (16 events):
Event: 1.792 GC heap before
{Heap before GC invocations=0 (full 0):
 garbage-first heap   total 126976K, used 24576K [0x0000000085200000, 0x0000000100000000)
  region size 1024K, 23 young (23552K), 0 survivors (0K)
 Metaspace       used 4084K, committed 4288K, reserved 1114112K
  class space    used 527K, committed 640K, reserved 1048576K
}
Event: 1.808 GC heap after
{Heap after GC invocations=1 (full 0):
 garbage-first heap   total 126976K, used 11264K [0x0000000085200000, 0x0000000100000000)
  region size 1024K, 3 young (3072K), 3 survivors (3072K)
 Metaspace       used 4084K, committed 4288K, reserved 1114112K
  class space    used 527K, committed 640K, reserved 1048576K
}
Event: 2.595 GC heap before
{Heap before GC invocations=1 (full 0):
 garbage-first heap   total 126976K, used 33792K [0x0000000085200000, 0x0000000100000000)
  region size 1024K, 26 young (26624K), 3 survivors (3072K)
 Metaspace       used 8306K, committed 8640K, reserved 1114112K
  class space    used 1196K, committed 1344K, reserved 1048576K
}
Event: 2.603 GC heap after
{Heap after GC invocations=2 (full 0):
 garbage-first heap   total 126976K, used 14231K [0x0000000085200000, 0x0000000100000000)
  region size 1024K, 3 young (3072K), 3 survivors (3072K)
 Metaspace       used 8306K, committed 8640K, reserved 1114112K
  class space    used 1196K, committed 1344K, reserved 1048576K
}
Event: 3.666 GC heap before
{Heap before GC invocations=2 (full 0):
 garbage-first heap   total 126976K, used 57239K [0x0000000085200000, 0x0000000100000000)
  region size 1024K, 46 young (47104K), 3 survivors (3072K)
 Metaspace       used 17204K, committed 17536K, reserved 1114112K
  class space    used 2431K, committed 2560K, reserved 1048576K
}
Event: 3.673 GC heap after
{Heap after GC invocations=3 (full 0):
 garbage-first heap   total 126976K, used 17349K [0x0000000085200000, 0x0000000100000000)
  region size 1024K, 6 young (6144K), 6 survivors (6144K)
 Metaspace       used 17204K, committed 17536K, reserved 1114112K
  class space    used 2431K, committed 2560K, reserved 1048576K
}
Event: 4.538 GC heap before
{Heap before GC invocations=3 (full 0):
 garbage-first heap   total 126976K, used 48069K [0x0000000085200000, 0x0000000100000000)
  region size 1024K, 38 young (38912K), 6 survivors (6144K)
 Metaspace       used 21204K, committed 21504K, reserved 1114112K
  class space    used 2942K, committed 3072K, reserved 1048576K
}
Event: 4.546 GC heap after
{Heap after GC invocations=4 (full 0):
 garbage-first heap   total 126976K, used 20999K [0x0000000085200000, 0x0000000100000000)
  region size 1024K, 7 young (7168K), 7 survivors (7168K)
 Metaspace       used 21204K, committed 21504K, reserved 1114112K
  class space    used 2942K, committed 3072K, reserved 1048576K
}
Event: 5.986 GC heap before
{Heap before GC invocations=5 (full 0):
 garbage-first heap   total 71680K, used 71175K [0x0000000085200000, 0x0000000100000000)
  region size 1024K, 56 young (57344K), 7 survivors (7168K)
 Metaspace       used 25377K, committed 25728K, reserved 1114112K
  class space    used 3522K, committed 3712K, reserved 1048576K
}
Event: 5.996 GC heap after
{Heap after GC invocations=6 (full 0):
 garbage-first heap   total 82944K, used 24064K [0x0000000085200000, 0x0000000100000000)
  region size 1024K, 7 young (7168K), 7 survivors (7168K)
 Metaspace       used 25377K, committed 25728K, reserved 1114112K
  class space    used 3522K, committed 3712K, reserved 1048576K
}
Event: 7.457 GC heap before
{Heap before GC invocations=6 (full 0):
 garbage-first heap   total 82944K, used 65024K [0x0000000085200000, 0x0000000100000000)
  region size 1024K, 47 young (48128K), 7 survivors (7168K)
 Metaspace       used 31266K, committed 31808K, reserved 1114112K
  class space    used 4493K, committed 4736K, reserved 1048576K
}
Event: 7.467 GC heap after
{Heap after GC invocations=7 (full 0):
 garbage-first heap   total 82944K, used 27282K [0x0000000085200000, 0x0000000100000000)
  region size 1024K, 4 young (4096K), 4 survivors (4096K)
 Metaspace       used 31266K, committed 31808K, reserved 1114112K
  class space    used 4493K, committed 4736K, reserved 1048576K
}
Event: 8.624 GC heap before
{Heap before GC invocations=7 (full 0):
 garbage-first heap   total 82944K, used 62098K [0x0000000085200000, 0x0000000100000000)
  region size 1024K, 39 young (39936K), 4 survivors (4096K)
 Metaspace       used 35486K, committed 35968K, reserved 1114112K
  class space    used 5035K, committed 5248K, reserved 1048576K
}
Event: 8.632 GC heap after
{Heap after GC invocations=8 (full 0):
 garbage-first heap   total 82944K, used 29419K [0x0000000085200000, 0x0000000100000000)
  region size 1024K, 3 young (3072K), 3 survivors (3072K)
 Metaspace       used 35486K, committed 35968K, reserved 1114112K
  class space    used 5035K, committed 5248K, reserved 1048576K
}
Event: 13.136 GC heap before
{Heap before GC invocations=9 (full 0):
 garbage-first heap   total 82944K, used 69355K [0x0000000085200000, 0x0000000100000000)
  region size 1024K, 42 young (43008K), 3 survivors (3072K)
 Metaspace       used 47812K, committed 48384K, reserved 1114112K
  class space    used 6723K, committed 6976K, reserved 1048576K
}
Event: 13.140 GC heap after
{Heap after GC invocations=10 (full 0):
 garbage-first heap   total 82944K, used 32639K [0x0000000085200000, 0x0000000100000000)
  region size 1024K, 6 young (6144K), 6 survivors (6144K)
 Metaspace       used 47812K, committed 48384K, reserved 1114112K
  class space    used 6723K, committed 6976K, reserved 1048576K
}

